<?xml version="1.0" encoding="UTF-8"?>
<!-- Generated by org.testng.reporters.JUnitXMLReporter -->
<testsuite ignored="0" hostname="DESKTOP-9F8V9M9" failures="0" tests="9" name="Test_1" time="94.378" errors="0" timestamp="2023-08-08T13:04:31 EDT">
  <testcase classname="testNG_Programs.AnnotationsDemo1" name="d" time="0.069"/>
  <testcase classname="testNG_Programs.AnnotationsDemo1" name="g" time="0.041"/>
  <testcase classname="testNG_Programs.FirstPrgmDemo" name="h" time="0.011"/>
  <testcase classname="testNG_Programs.FirstPrgmDemo" name="l" time="0.005"/>
  <testcase classname="testNG_Programs.FirstPrgmDemo" name="z" time="0.016"/>
  <testcase classname="testNG_Programs.Us_megabus" name="f" time="93.632"/>
  <testcase classname="testNG_Programs.AnnotationsDemo2" name="c" time="0.005"/>
  <testcase classname="testNG_Programs.AnnotationsDemo2" name="f" time="0.009"/>
  <testcase classname="testNG_Programs.AnnotationsDemo2" name="z" time="0.006"/>
</testsuite> <!-- Test_1 -->
