<?xml version="1.0" encoding="UTF-8"?>
<testng-results ignored="0" total="9" passed="9" failed="0" skipped="0">
  <reporter-output>
  </reporter-output>
  <suite started-at="2023-08-08T13:02:54 EDT" name="Run_1" finished-at="2023-08-08T13:04:28 EDT" duration-ms="94378">
    <groups>
    </groups>
    <test started-at="2023-08-08T13:02:54 EDT" name="Test_1" finished-at="2023-08-08T13:04:28 EDT" duration-ms="94378">
      <class name="testNG_Programs.AnnotationsDemo1">
        <test-method is-config="true" signature="beforeClass()[pri:0, instance:testNG_Programs.AnnotationsDemo1@15de0b3c]" started-at="2023-08-08T13:02:54 EDT" name="beforeClass" finished-at="2023-08-08T13:02:54 EDT" duration-ms="36" status="PASS">
          <reporter-output>
          </reporter-output>
        </test-method> <!-- beforeClass -->
        <test-method signature="d()[pri:0, instance:testNG_Programs.AnnotationsDemo1@15de0b3c]" started-at="2023-08-08T13:02:54 EDT" name="d" finished-at="2023-08-08T13:02:54 EDT" duration-ms="69" status="PASS">
          <reporter-output>
          </reporter-output>
        </test-method> <!-- d -->
        <test-method signature="g()[pri:0, instance:testNG_Programs.AnnotationsDemo1@15de0b3c]" started-at="2023-08-08T13:02:54 EDT" name="g" finished-at="2023-08-08T13:02:54 EDT" duration-ms="41" status="PASS">
          <reporter-output>
          </reporter-output>
        </test-method> <!-- g -->
        <test-method is-config="true" signature="afterClass()[pri:0, instance:testNG_Programs.AnnotationsDemo1@15de0b3c]" started-at="2023-08-08T13:02:54 EDT" name="afterClass" finished-at="2023-08-08T13:02:54 EDT" duration-ms="6" status="PASS">
          <reporter-output>
          </reporter-output>
        </test-method> <!-- afterClass -->
      </class> <!-- testNG_Programs.AnnotationsDemo1 -->
      <class name="testNG_Programs.AnnotationsDemo2">
        <test-method is-config="true" signature="beforeTest()[pri:0, instance:testNG_Programs.AnnotationsDemo2@bcec361]" started-at="2023-08-08T13:04:28 EDT" name="beforeTest" finished-at="2023-08-08T13:04:28 EDT" duration-ms="11" status="PASS">
          <reporter-output>
          </reporter-output>
        </test-method> <!-- beforeTest -->
        <test-method signature="c()[pri:0, instance:testNG_Programs.AnnotationsDemo2@bcec361]" started-at="2023-08-08T13:04:28 EDT" name="c" finished-at="2023-08-08T13:04:28 EDT" duration-ms="5" status="PASS">
          <reporter-output>
          </reporter-output>
        </test-method> <!-- c -->
        <test-method is-config="true" signature="afterTest()[pri:0, instance:testNG_Programs.AnnotationsDemo2@bcec361]" started-at="2023-08-08T13:04:28 EDT" name="afterTest" finished-at="2023-08-08T13:04:28 EDT" duration-ms="2" status="PASS">
          <reporter-output>
          </reporter-output>
        </test-method> <!-- afterTest -->
        <test-method is-config="true" signature="beforeTest()[pri:0, instance:testNG_Programs.AnnotationsDemo2@bcec361]" started-at="2023-08-08T13:04:28 EDT" name="beforeTest" finished-at="2023-08-08T13:04:28 EDT" duration-ms="5" status="PASS">
          <reporter-output>
          </reporter-output>
        </test-method> <!-- beforeTest -->
        <test-method signature="f()[pri:0, instance:testNG_Programs.AnnotationsDemo2@bcec361]" started-at="2023-08-08T13:04:28 EDT" name="f" finished-at="2023-08-08T13:04:28 EDT" duration-ms="9" status="PASS">
          <reporter-output>
          </reporter-output>
        </test-method> <!-- f -->
        <test-method is-config="true" signature="afterTest()[pri:0, instance:testNG_Programs.AnnotationsDemo2@bcec361]" started-at="2023-08-08T13:04:28 EDT" name="afterTest" finished-at="2023-08-08T13:04:28 EDT" duration-ms="1" status="PASS">
          <reporter-output>
          </reporter-output>
        </test-method> <!-- afterTest -->
        <test-method is-config="true" signature="beforeTest()[pri:0, instance:testNG_Programs.AnnotationsDemo2@bcec361]" started-at="2023-08-08T13:04:28 EDT" name="beforeTest" finished-at="2023-08-08T13:04:28 EDT" duration-ms="69" status="PASS">
          <reporter-output>
          </reporter-output>
        </test-method> <!-- beforeTest -->
        <test-method signature="z()[pri:0, instance:testNG_Programs.AnnotationsDemo2@bcec361]" started-at="2023-08-08T13:04:28 EDT" name="z" finished-at="2023-08-08T13:04:28 EDT" duration-ms="6" status="PASS">
          <reporter-output>
          </reporter-output>
        </test-method> <!-- z -->
        <test-method is-config="true" signature="afterTest()[pri:0, instance:testNG_Programs.AnnotationsDemo2@bcec361]" started-at="2023-08-08T13:04:28 EDT" name="afterTest" finished-at="2023-08-08T13:04:28 EDT" duration-ms="1" status="PASS">
          <reporter-output>
          </reporter-output>
        </test-method> <!-- afterTest -->
      </class> <!-- testNG_Programs.AnnotationsDemo2 -->
      <class name="testNG_Programs.FirstPrgmDemo">
        <test-method signature="h()[pri:0, instance:testNG_Programs.FirstPrgmDemo@4b2bac3f]" started-at="2023-08-08T13:02:54 EDT" name="h" finished-at="2023-08-08T13:02:54 EDT" duration-ms="11" status="PASS">
          <reporter-output>
          </reporter-output>
        </test-method> <!-- h -->
        <test-method signature="l()[pri:0, instance:testNG_Programs.FirstPrgmDemo@4b2bac3f]" started-at="2023-08-08T13:02:54 EDT" name="l" finished-at="2023-08-08T13:02:54 EDT" duration-ms="5" status="PASS">
          <reporter-output>
          </reporter-output>
        </test-method> <!-- l -->
        <test-method signature="z()[pri:0, instance:testNG_Programs.FirstPrgmDemo@4b2bac3f]" started-at="2023-08-08T13:02:54 EDT" name="z" finished-at="2023-08-08T13:02:54 EDT" duration-ms="16" status="PASS">
          <reporter-output>
          </reporter-output>
        </test-method> <!-- z -->
      </class> <!-- testNG_Programs.FirstPrgmDemo -->
      <class name="testNG_Programs.Us_megabus">
        <test-method signature="f()[pri:0, instance:testNG_Programs.Us_megabus@4e08711f]" started-at="2023-08-08T13:02:54 EDT" name="f" finished-at="2023-08-08T13:04:28 EDT" duration-ms="93632" status="PASS">
          <reporter-output>
          </reporter-output>
        </test-method> <!-- f -->
      </class> <!-- testNG_Programs.Us_megabus -->
    </test> <!-- Test_1 -->
  </suite> <!-- Run_1 -->
</testng-results>
